d:\githubfiles\практика2\client\x64\debug\vc141.pdb
d:\githubfiles\практика2\client\x64\debug\vc141.idb
d:\githubfiles\практика2\client\x64\debug\socketclient.obj
d:\githubfiles\практика2\client\x64\debug\appclientmain.obj
d:\githubfiles\практика2\client\x64\debug\appclient.obj
d:\githubfiles\практика2\client\x64\debug\socketserializer.obj
d:\githubfiles\практика2\client\x64\debug\messagesupdateevent.obj
d:\githubfiles\практика2\client\x64\debug\iobservable.obj
d:\githubfiles\практика2\client\x64\debug\connresetevent.obj
d:\githubfiles\практика2\client\x64\debug\textmessage.obj
d:\githubfiles\практика2\client\x64\debug\requestmessage.obj
d:\githubfiles\практика2\client\x64\debug\messagepack.obj
d:\githubfiles\практика2\client\x64\debug\filemessage.obj
d:\githubfiles\практика2\client\x64\debug\authorizedmessage.obj
d:\githubfiles\практика2\client\x64\debug\socketexception.obj
d:\githubfiles\практика2\client\x64\debug\socket.obj
d:\githubfiles\практика2\client\x64\debug\file.obj
d:\githubfiles\практика2\client\x64\debug\socketdeserializer.obj
d:\githubfiles\практика2\x64\debug\client.ilk
d:\githubfiles\практика2\x64\debug\client.exe
d:\githubfiles\практика2\x64\debug\client.pdb
d:\githubfiles\практика2\client\x64\debug\client.tlog\cl.command.1.tlog
d:\githubfiles\практика2\client\x64\debug\client.tlog\cl.read.1.tlog
d:\githubfiles\практика2\client\x64\debug\client.tlog\cl.write.1.tlog
d:\githubfiles\практика2\client\x64\debug\client.tlog\link.command.1.tlog
d:\githubfiles\практика2\client\x64\debug\client.tlog\link.read.1.tlog
d:\githubfiles\практика2\client\x64\debug\client.tlog\link.write.1.tlog
